<?xml version="1.0" encoding="UTF-8"?>
<!-- Generated by org.testng.reporters.JUnitXMLReporter -->
<testsuite ignored="3" hostname="Alin" failures="0" tests="1" name="Chrome Test" time="19.647" errors="0" timestamp="2026-04-03T12:54:00 GMT-04:00">
  <testcase classname="automationcore.TestNGBase" name="@BeforeMethod browserLaunch" time="19.571">
    <failure type="org.openqa.selenium.WebDriverException" message="unknown error: net::ERR_CONNECTION_TIMED_OUT
  (Session info: chrome=146.0.7680.178)
Build info: version: &amp;apos;4.38.0&amp;apos;, revision: &amp;apos;6b412e825c*&amp;apos;
System info: os.name: &amp;apos;Windows 11&amp;apos;, os.arch: &amp;apos;amd64&amp;apos;, os.version: &amp;apos;10.0&amp;apos;, java.version: &amp;apos;17.0.10&amp;apos;
Driver info: org.openqa.selenium.chrome.ChromeDriver
Command: [df67d929d2dbae4d0c26bd97bf3ef4f1, get {url=https://groceryapp.uniqassosiates.com/admin/login}]
Capabilities {acceptInsecureCerts: false, browserName: chrome, browserVersion: 146.0.7680.178, chrome: {chromedriverVersion: 146.0.7680.165 (4b989da09e1..., userDataDir: C:\Users\Nila\AppData\Local...}, fedcm:accounts: true, goog:chromeOptions: {debuggerAddress: localhost:54734}, goog:processID: 19728, networkConnectionEnabled: false, pageLoadStrategy: normal, platformName: windows, proxy: Proxy(), se:cdp: ws://localhost:54734/devtoo..., se:cdpVersion: 146.0.7680.178, setWindowRect: true, strictFileInteractability: false, timeouts: {implicit: 0, pageLoad: 300000, script: 30000}, unhandledPromptBehavior: dismiss and notify, webauthn:extension:credBlob: true, webauthn:extension:largeBlob: true, webauthn:extension:minPinLength: true, webauthn:extension:prf: true, webauthn:virtualAuthenticators: true}
Session ID: df67d929d2dbae4d0c26bd97bf3ef4f1">
      <![CDATA[org.openqa.selenium.WebDriverException: unknown error: net::ERR_CONNECTION_TIMED_OUT
  (Session info: chrome=146.0.7680.178)
Build info: version: '4.38.0', revision: '6b412e825c*'
System info: os.name: 'Windows 11', os.arch: 'amd64', os.version: '10.0', java.version: '17.0.10'
Driver info: org.openqa.selenium.chrome.ChromeDriver
Command: [df67d929d2dbae4d0c26bd97bf3ef4f1, get {url=https://groceryapp.uniqassosiates.com/admin/login}]
Capabilities {acceptInsecureCerts: false, browserName: chrome, browserVersion: 146.0.7680.178, chrome: {chromedriverVersion: 146.0.7680.165 (4b989da09e1..., userDataDir: C:\Users\Nila\AppData\Local...}, fedcm:accounts: true, goog:chromeOptions: {debuggerAddress: localhost:54734}, goog:processID: 19728, networkConnectionEnabled: false, pageLoadStrategy: normal, platformName: windows, proxy: Proxy(), se:cdp: ws://localhost:54734/devtoo..., se:cdpVersion: 146.0.7680.178, setWindowRect: true, strictFileInteractability: false, timeouts: {implicit: 0, pageLoad: 300000, script: 30000}, unhandledPromptBehavior: dismiss and notify, webauthn:extension:credBlob: true, webauthn:extension:largeBlob: true, webauthn:extension:minPinLength: true, webauthn:extension:prf: true, webauthn:virtualAuthenticators: true}
Session ID: df67d929d2dbae4d0c26bd97bf3ef4f1
at org.openqa.selenium.remote.ErrorCodec.decode(ErrorCodec.java:167)
at org.openqa.selenium.remote.codec.w3c.W3CHttpResponseCodec.decode(W3CHttpResponseCodec.java:138)
at org.openqa.selenium.remote.codec.w3c.W3CHttpResponseCodec.decode(W3CHttpResponseCodec.java:50)
at org.openqa.selenium.remote.HttpCommandExecutor.execute(HttpCommandExecutor.java:215)
at org.openqa.selenium.remote.service.DriverCommandExecutor.invokeExecute(DriverCommandExecutor.java:216)
at org.openqa.selenium.remote.service.DriverCommandExecutor.execute(DriverCommandExecutor.java:174)
at org.openqa.selenium.remote.RemoteWebDriver.execute(RemoteWebDriver.java:557)
at org.openqa.selenium.remote.RemoteWebDriver.get(RemoteWebDriver.java:325)
at automationcore.TestNGBase.browserLaunch(TestNGBase.java:36)
at java.base/java.util.ArrayList.forEach(ArrayList.java:1511)
... Removed 36 stack frames]]>
    </failure>
  </testcase> <!-- @BeforeMethod browserLaunch -->
  <testcase classname="automationcore.TestNGBase" name="@AfterMethod driverQuit" time="0.0">
    <skipped/>
  </testcase> <!-- @AfterMethod driverQuit -->
  <testcase classname="testscripts.LoginTest" name="verifyUserLoginwithInvalidUsernameandValidpassword" time="0.0">
    <skipped/>
  </testcase> <!-- verifyUserLoginwithInvalidUsernameandValidpassword -->
  <testcase classname="testscripts.LoginTest" name="verifyUserLoginwithValidCredentials" time="0.0">
    <ignored/>
  </testcase> <!-- verifyUserLoginwithValidCredentials -->
  <testcase classname="testscripts.LoginTest" name="verifyUserLoginwithInvalidUsernameandInvalidpassword" time="0.0">
    <ignored/>
  </testcase> <!-- verifyUserLoginwithInvalidUsernameandInvalidpassword -->
  <testcase classname="testscripts.LoginTest" name="verifyUserLoginwithValidUsernameandInvalidpassword" time="0.0">
    <ignored/>
  </testcase> <!-- verifyUserLoginwithValidUsernameandInvalidpassword -->
</testsuite> <!-- Chrome Test -->
