<?xml version="1.0" encoding="UTF-8"?>
<testng-results ignored="0" total="2" passed="2" failed="0" skipped="0">
  <reporter-output>
  </reporter-output>
  <suite started-at="2026-04-03T18:47:02 GMT-04:00" name="Suite" finished-at="2026-04-03T18:47:20 GMT-04:00" duration-ms="18509">
    <groups>
      <group name="smoke">
        <method signature="LoginTest.verifyUserLoginwithInvalidUsernameandInvalidpassword(java.lang.String,java.lang.String)[pri:4, instance:testscripts.LoginTest@34158c08]" name="verifyUserLoginwithInvalidUsernameandInvalidpassword" class="testscripts.LoginTest"/>
      </group> <!-- smoke -->
    </groups>
    <test started-at="2026-04-03T18:47:02 GMT-04:00" name="Test" finished-at="2026-04-03T18:47:20 GMT-04:00" duration-ms="18509">
      <class name="testscripts.LoginTest">
        <test-method is-config="true" signature="browserLaunch(java.lang.String)[pri:0, instance:testscripts.LoginTest@34158c08]" started-at="2026-04-03T18:47:02 GMT-04:00" name="browserLaunch" finished-at="2026-04-03T18:47:11 GMT-04:00" duration-ms="9002" status="PASS">
          <params>
            <param index="0">
              <value>
                <![CDATA[chrome]]>
              </value>
            </param>
          </params>
          <reporter-output>
          </reporter-output>
        </test-method> <!-- browserLaunch -->
        <test-method signature="verifyUserLoginwithInvalidUsernameandInvalidpassword(java.lang.String,java.lang.String)[pri:4, instance:testscripts.LoginTest@34158c08]" started-at="2026-04-03T18:47:11 GMT-04:00" name="verifyUserLoginwithInvalidUsernameandInvalidpassword" description="Validaing user credential with InvalidUsername and Invalidpassword " data-provider="loginProvider" finished-at="2026-04-03T18:47:12 GMT-04:00" duration-ms="1583" status="PASS">
          <params>
            <param index="0">
              <value>
                <![CDATA[admin]]>
              </value>
            </param>
            <param index="1">
              <value>
                <![CDATA[admin22]]>
              </value>
            </param>
          </params>
          <reporter-output>
          </reporter-output>
        </test-method> <!-- verifyUserLoginwithInvalidUsernameandInvalidpassword -->
        <test-method is-config="true" signature="driverQuit(org.testng.ITestResult)[pri:0, instance:testscripts.LoginTest@34158c08]" started-at="2026-04-03T18:47:13 GMT-04:00" name="driverQuit" finished-at="2026-04-03T18:47:13 GMT-04:00" duration-ms="4" status="PASS">
          <params>
            <param index="0">
              <value>
                <![CDATA[[TestResult name=verifyUserLoginwithInvalidUsernameandInvalidpassword status=SUCCESS method=LoginTest.verifyUserLoginwithInvalidUsernameandInvalidpassword(java.lang.String,java.lang.String)[pri:4, instance:testscripts.LoginTest@34158c08] output={null}]]]>
              </value>
            </param>
          </params>
          <reporter-output>
          </reporter-output>
        </test-method> <!-- driverQuit -->
        <test-method is-config="true" signature="browserLaunch(java.lang.String)[pri:0, instance:testscripts.LoginTest@34158c08]" started-at="2026-04-03T18:47:13 GMT-04:00" name="browserLaunch" finished-at="2026-04-03T18:47:18 GMT-04:00" duration-ms="5772" status="PASS">
          <params>
            <param index="0">
              <value>
                <![CDATA[chrome]]>
              </value>
            </param>
          </params>
          <reporter-output>
          </reporter-output>
        </test-method> <!-- browserLaunch -->
        <test-method signature="verifyUserLoginwithInvalidUsernameandInvalidpassword(java.lang.String,java.lang.String)[pri:4, instance:testscripts.LoginTest@34158c08]" started-at="2026-04-03T18:47:18 GMT-04:00" name="verifyUserLoginwithInvalidUsernameandInvalidpassword" description="Validaing user credential with InvalidUsername and Invalidpassword " data-provider="loginProvider" finished-at="2026-04-03T18:47:20 GMT-04:00" duration-ms="1865" status="PASS">
          <params>
            <param index="0">
              <value>
                <![CDATA[admin123]]>
              </value>
            </param>
            <param index="1">
              <value>
                <![CDATA[123]]>
              </value>
            </param>
          </params>
          <reporter-output>
          </reporter-output>
        </test-method> <!-- verifyUserLoginwithInvalidUsernameandInvalidpassword -->
        <test-method is-config="true" signature="driverQuit(org.testng.ITestResult)[pri:0, instance:testscripts.LoginTest@34158c08]" started-at="2026-04-03T18:47:20 GMT-04:00" name="driverQuit" finished-at="2026-04-03T18:47:20 GMT-04:00" duration-ms="2" status="PASS">
          <params>
            <param index="0">
              <value>
                <![CDATA[[TestResult name=verifyUserLoginwithInvalidUsernameandInvalidpassword status=SUCCESS method=LoginTest.verifyUserLoginwithInvalidUsernameandInvalidpassword(java.lang.String,java.lang.String)[pri:4, instance:testscripts.LoginTest@34158c08] output={null}]]]>
              </value>
            </param>
          </params>
          <reporter-output>
          </reporter-output>
        </test-method> <!-- driverQuit -->
      </class> <!-- testscripts.LoginTest -->
    </test> <!-- Test -->
  </suite> <!-- Suite -->
</testng-results>
