<?xml version="1.0" encoding="UTF-8"?>
<testng-results ignored="0" total="3" passed="3" failed="0" skipped="0">
  <reporter-output>
  </reporter-output>
  <suite started-at="2026-04-05T22:23:24 GMT-04:00" name="Suite" finished-at="2026-04-05T22:24:15 GMT-04:00" duration-ms="50699">
    <groups>
    </groups>
    <test started-at="2026-04-05T22:23:24 GMT-04:00" name="Test" finished-at="2026-04-05T22:24:15 GMT-04:00" duration-ms="50699">
      <class name="testscripts.ManageNewsTest">
        <test-method is-config="true" signature="browserLaunch(java.lang.String)[pri:0, instance:testscripts.ManageNewsTest@64c63c79]" started-at="2026-04-05T22:23:24 GMT-04:00" name="browserLaunch" finished-at="2026-04-05T22:23:31 GMT-04:00" duration-ms="7193" status="PASS">
          <params>
            <param index="0">
              <value>
                <![CDATA[chrome]]>
              </value>
            </param>
          </params>
          <reporter-output>
          </reporter-output>
        </test-method> <!-- browserLaunch -->
        <test-method signature="VerifyWhetherUserIsAbletoAddNewsOnManagerNewsPage()[pri:1, instance:testscripts.ManageNewsTest@64c63c79]" started-at="2026-04-05T22:23:31 GMT-04:00" name="VerifyWhetherUserIsAbletoAddNewsOnManagerNewsPage" description="Verify the user is able to enter News info in the manage News page" finished-at="2026-04-05T22:23:44 GMT-04:00" duration-ms="12931" status="PASS">
          <reporter-output>
          </reporter-output>
        </test-method> <!-- VerifyWhetherUserIsAbletoAddNewsOnManagerNewsPage -->
        <test-method is-config="true" signature="driverQuit(org.testng.ITestResult)[pri:0, instance:testscripts.ManageNewsTest@64c63c79]" started-at="2026-04-05T22:23:44 GMT-04:00" name="driverQuit" finished-at="2026-04-05T22:23:44 GMT-04:00" duration-ms="11" status="PASS">
          <params>
            <param index="0">
              <value>
                <![CDATA[[TestResult name=VerifyWhetherUserIsAbletoAddNewsOnManagerNewsPage status=SUCCESS method=ManageNewsTest.VerifyWhetherUserIsAbletoAddNewsOnManagerNewsPage()[pri:1, instance:testscripts.ManageNewsTest@64c63c79] output={null}]]]>
              </value>
            </param>
          </params>
          <reporter-output>
          </reporter-output>
        </test-method> <!-- driverQuit -->
        <test-method is-config="true" signature="browserLaunch(java.lang.String)[pri:0, instance:testscripts.ManageNewsTest@64c63c79]" started-at="2026-04-05T22:23:44 GMT-04:00" name="browserLaunch" finished-at="2026-04-05T22:23:53 GMT-04:00" duration-ms="8501" status="PASS">
          <params>
            <param index="0">
              <value>
                <![CDATA[chrome]]>
              </value>
            </param>
          </params>
          <reporter-output>
          </reporter-output>
        </test-method> <!-- browserLaunch -->
        <test-method signature="VerifyWhetherUserIsAbletoSearchNewsOnManagerNewsPage()[pri:2, instance:testscripts.ManageNewsTest@64c63c79]" started-at="2026-04-05T22:23:53 GMT-04:00" name="VerifyWhetherUserIsAbletoSearchNewsOnManagerNewsPage" description="Verify the user is able to search news  in the manage News page" finished-at="2026-04-05T22:24:01 GMT-04:00" duration-ms="7879" status="PASS">
          <reporter-output>
          </reporter-output>
        </test-method> <!-- VerifyWhetherUserIsAbletoSearchNewsOnManagerNewsPage -->
        <test-method is-config="true" signature="driverQuit(org.testng.ITestResult)[pri:0, instance:testscripts.ManageNewsTest@64c63c79]" started-at="2026-04-05T22:24:01 GMT-04:00" name="driverQuit" finished-at="2026-04-05T22:24:01 GMT-04:00" duration-ms="1" status="PASS">
          <params>
            <param index="0">
              <value>
                <![CDATA[[TestResult name=VerifyWhetherUserIsAbletoSearchNewsOnManagerNewsPage status=SUCCESS method=ManageNewsTest.VerifyWhetherUserIsAbletoSearchNewsOnManagerNewsPage()[pri:2, instance:testscripts.ManageNewsTest@64c63c79] output={null}]]]>
              </value>
            </param>
          </params>
          <reporter-output>
          </reporter-output>
        </test-method> <!-- driverQuit -->
        <test-method is-config="true" signature="browserLaunch(java.lang.String)[pri:0, instance:testscripts.ManageNewsTest@64c63c79]" started-at="2026-04-05T22:24:01 GMT-04:00" name="browserLaunch" finished-at="2026-04-05T22:24:05 GMT-04:00" duration-ms="4506" status="PASS">
          <params>
            <param index="0">
              <value>
                <![CDATA[chrome]]>
              </value>
            </param>
          </params>
          <reporter-output>
          </reporter-output>
        </test-method> <!-- browserLaunch -->
        <test-method signature="VerifytheResetButtonOnManagerNewsPage()[pri:3, instance:testscripts.ManageNewsTest@64c63c79]" started-at="2026-04-05T22:24:05 GMT-04:00" name="VerifytheResetButtonOnManagerNewsPage" description="Verify the reset button on the manage News page" finished-at="2026-04-05T22:24:15 GMT-04:00" duration-ms="9400" status="PASS">
          <reporter-output>
          </reporter-output>
        </test-method> <!-- VerifytheResetButtonOnManagerNewsPage -->
        <test-method is-config="true" signature="driverQuit(org.testng.ITestResult)[pri:0, instance:testscripts.ManageNewsTest@64c63c79]" started-at="2026-04-05T22:24:15 GMT-04:00" name="driverQuit" finished-at="2026-04-05T22:24:15 GMT-04:00" duration-ms="2" status="PASS">
          <params>
            <param index="0">
              <value>
                <![CDATA[[TestResult name=VerifytheResetButtonOnManagerNewsPage status=SUCCESS method=ManageNewsTest.VerifytheResetButtonOnManagerNewsPage()[pri:3, instance:testscripts.ManageNewsTest@64c63c79] output={null}]]]>
              </value>
            </param>
          </params>
          <reporter-output>
          </reporter-output>
        </test-method> <!-- driverQuit -->
      </class> <!-- testscripts.ManageNewsTest -->
    </test> <!-- Test -->
  </suite> <!-- Suite -->
</testng-results>
