<?xml version="1.0" encoding="UTF-8"?>
<!-- Generated by org.testng.reporters.JUnitXMLReporter -->
<testsuite ignored="3" hostname="Alin" failures="0" tests="2" name="Test" time="18.509" errors="0" timestamp="2026-04-03T18:47:22 GMT-04:00">
  <testcase classname="testscripts.LoginTest" name="verifyUserLoginwithInvalidUsernameandInvalidpassword" time="1.583"/>
  <testcase classname="testscripts.LoginTest" name="verifyUserLoginwithInvalidUsernameandInvalidpassword" time="1.865"/>
  <testcase classname="testscripts.LoginTest" name="verifyUserLoginwithInvalidUsernameandValidpassword" time="0.0">
    <ignored/>
  </testcase> <!-- verifyUserLoginwithInvalidUsernameandValidpassword -->
  <testcase classname="testscripts.LoginTest" name="verifyUserLoginwithValidUsernameandInvalidpassword" time="0.0">
    <ignored/>
  </testcase> <!-- verifyUserLoginwithValidUsernameandInvalidpassword -->
  <testcase classname="testscripts.LoginTest" name="verifyUserLoginwithValidCredentials" time="0.0">
    <ignored/>
  </testcase> <!-- verifyUserLoginwithValidCredentials -->
</testsuite> <!-- Test -->
