<?xml version="1.0" encoding="UTF-8"?>
<!-- Generated by org.testng.reporters.JUnitXMLReporter -->
<testsuite ignored="0" hostname="Alin" failures="0" tests="3" name="Test" time="50.699" errors="0" timestamp="2026-04-05T22:24:17 GMT-04:00">
  <testcase classname="testscripts.ManageNewsTest" name="VerifyWhetherUserIsAbletoAddNewsOnManagerNewsPage" time="12.931"/>
  <testcase classname="testscripts.ManageNewsTest" name="VerifyWhetherUserIsAbletoSearchNewsOnManagerNewsPage" time="7.879"/>
  <testcase classname="testscripts.ManageNewsTest" name="VerifytheResetButtonOnManagerNewsPage" time="9.4"/>
</testsuite> <!-- Test -->
