<?xml version="1.0" encoding="UTF-8"?>
<!-- Generated by org.testng.reporters.JUnitReportReporter -->
<testsuite hostname="Alin" failures="0" tests="3" name="testscripts.ManageNewsTest" time="50.424" errors="0" timestamp="2026-04-05T22:24:20 GMT-04:00" skipped="0">
  <testcase classname="testscripts.ManageNewsTest" name="VerifyWhetherUserIsAbletoAddNewsOnManagerNewsPage" time="17.439"/>
  <testcase classname="testscripts.ManageNewsTest" name="VerifyWhetherUserIsAbletoSearchNewsOnManagerNewsPage" time="15.083"/>
  <testcase classname="testscripts.ManageNewsTest" name="VerifytheResetButtonOnManagerNewsPage" time="17.902"/>
</testsuite> <!-- testscripts.ManageNewsTest -->
