<?xml version="1.0" encoding="UTF-8"?>
<!-- Generated by org.testng.reporters.JUnitReportReporter -->
<testsuite hostname="Alin" failures="0" tests="2" name="testscripts.LoginTest" time="18.228" errors="0" timestamp="2026-04-03T18:47:22 GMT-04:00" skipped="0">
  <testcase classname="testscripts.LoginTest" name="verifyUserLoginwithInvalidUsernameandInvalidpassword" time="10.589"/>
  <testcase classname="testscripts.LoginTest" name="verifyUserLoginwithInvalidUsernameandInvalidpassword" time="7.639"/>
</testsuite> <!-- testscripts.LoginTest -->
