<?xml version="1.0" encoding="UTF-8"?>
<!-- Generated by org.testng.reporters.JUnitReportReporter -->
<testsuite hostname="Alin" failures="0" tests="5" name="testscripts.LoginTest" time="37.553" errors="0" timestamp="2026-04-05T21:45:00 GMT-04:00" skipped="0">
  <testcase classname="testscripts.LoginTest" name="verifyUserLoginwithValidCredentials" time="9.086"/>
  <testcase classname="testscripts.LoginTest" name="verifyUserLoginwithValidUsernameandInvalidpassword" time="6.748"/>
  <testcase classname="testscripts.LoginTest" name="verifyUserLoginwithInvalidUsernameandValidpassword" time="7.551"/>
  <testcase classname="testscripts.LoginTest" name="verifyUserLoginwithInvalidUsernameandInvalidpassword" time="6.960"/>
  <testcase classname="testscripts.LoginTest" name="verifyUserLoginwithInvalidUsernameandInvalidpassword" time="7.208"/>
</testsuite> <!-- testscripts.LoginTest -->
